[    0.000000] Initializing cgroup subsys cpuset
[    0.000000] Initializing cgroup subsys cpu
[    0.000000] Initializing cgroup subsys cpuacct
[    0.000000] Linux version 4.4.0-143-generic (buildd@lgw01-amd64-041) (gcc version 5.4.0 20160609 (Ubuntu 5.4.0-6ubuntu1~16.04.10) ) #169-Ubuntu SMP Thu Feb 7 07:56:38 UTC 2019 (Ubuntu 4.4.0-143.169-generic 4.4.170)
[    0.000000] Command line: BOOT_IMAGE=/boot/vmlinuz-4.4.0-143-generic root=LABEL=cloudimg-rootfs ro console=t1 nsle=ttyS0
[    0.000000] KERNEL supported cpus:
[    0.000000]   Intel GenuineIntel
[    0.000000]   AMD AuthenticAMD
[    0.000000]   Centaur CentaurHauls
[    0.000000] x86/fpu: xstate_offset[2]:  576, xstate_sizes[2]:  256
[    0.000000] x86/fpu: Supporting XSAVE feature 0x01: 'x87 floating point registers'
[    0.000000] x86/fpu: Supporting XSAVE feature 0x02: 'SSE registers'
[    0.000000] x86/fpu: Supporting XSAVE feature 0x04: 'AVX registers'
[    0.000000] x86/fpu: Enabled xstate features 0x7, context size is 832 bytes, using 'standard' format.
[    0.000000] e820: BIOS-provided physical RAM map:
[    0.000000] BIOS-e820: [mem 0x0000000000000000-0x000000000009fbff] usable
[    0.000000] BIOS-e820: [mem 0x000000000009fc00-0x000000000009ffff] reserved
[    0.000000] BIOS-e820: [mem 0x00000000000f0000-0x00000000000fffff] reserved
[    0.000000] BIOS-e820: [mem 0x0000000000100000-0x000000003ffeffff] usable
[    0.000000] BIOS-e820: [mem 0x000000003fff0000-0x000000003fffffff] ACPI data
[    0.000000] BIOS-e820: [mem 0x00000000fec00000-0x00000000fec00fff] reserved
[    0.000000] BIOS-e820: [mem 0x00000000fee00000-0x00000000fee00fff] reserved
[    0.000000] BIOS-e820: [mem 0x00000000fffc0000-0x00000000ffffffff] reserved
[    0.000000] NX (Execute Disable) protection: active
[    0.000000] SMBIOS 2.5 present.
[    0.000000] Hypervisor detected: KVM
[    0.000000] e820: last_pfn = 0x3fff0 max_arch_pfn = 0x400000000
[    0.000000] MTRR: Disabled
[    0.000000] x86/PAT: MTRRs disabled, skipping PAT initialization too.
[    0.000000] CPU MTRRs all blank - virtualized system.
[    0.000000] x86/PAT: Configuration [0-7]: WB  WT  UC- UC  WB  WT  UC- UC  
[    0.000000] found SMP MP-table at [mem 0x0009fff0-0x0009ffff] mapped at [ffff88000009fff0]
[    0.000000] Scanning 1 areas for low memory corruption
[    0.000000] RAMDISK: [mem 0x36300000-0x37177fff]
[    0.000000] ACPI: Early table checksum verification disabled
[    0.000000] ACPI: RSDP 0x00000000000E0000 000024 (v02 VBOX  )
[    0.000000] ACPI: XSDT 0x000000003FFF0030 00003C (v01 VBOX   VBOXXSDT 00000001 ASL  00000061)
[    0.000000] ACPI: FACP 0x000000003FFF00F0 0000F4 (v04 VBOX   VBOXFACP 00000001 ASL  00000061)
[    0.000000] ACPI: DSDT 0x000000003FFF0470 0021FF (v02 VBOX   VBOXBIOS 00000002 INTL 20160108)
[    0.000000] ACPI: FACS 0x000000003FFF0200 000040
[    0.000000] ACPI: FACS 0x000000003FFF0200 000040
[    0.000000] ACPI: APIC 0x000000003FFF0240 00005C (v02 VBOX   VBOXAPIC 00000001 ASL  00000061)
[    0.000000] ACPI: SSDT 0x000000003FFF02A0 0001CC (v01 VBOX   VBOXCPUT 00000002 INTL 20160108)
[    0.000000] No NUMA configuration found
[    0.000000] Faking a node at [mem 0x0000000000000000-0x000000003ffeffff]
[    0.000000] NODE_DATA(0) allocated [mem 0x3ffeb000-0x3ffeffff]
[    0.000000] kvm-clock: Using msrs 4b564d01 and 4b564d00
[    0.000000] kvm-clock: cpu 0, msr 0:3ffe3001, primary cpu clock
[    0.000000] kvm-clock: using sched offset of 4087527469 cycles
[    0.000000] clocksource: kvm-clock: mask: 0xffffffffffffffff max_cycles: 0x1cd42e4dffb, max_idle_ns: 881590591483 ns
[    0.000000] Zone ranges:
[    0.000000]   DMA      [mem 0x0000000000001000-0x0000000000ffffff]
[    0.000000]   DMA32    [mem 0x0000000001000000-0x000000003ffeffff]
[    0.000000]   Normal   empty
[    0.000000]   Device   empty
[    0.000000] Movable zone start for each node
[    0.000000] Early memory node ranges
[    0.000000]   node   0: [mem 0x0000000000001000-0x000000000009efff]
[    0.000000]   node   0: [mem 0x0000000000100000-0x000000003ffeffff]
[    0.000000] Initmem setup node 0 [mem 0x0000000000001000-0x000000003ffeffff]
[    0.000000] ACPI: PM-Timer IO Port: 0x4008
[    0.000000] IOAPIC[0]: apic_id 2, version 32, address 0xfec00000, GSI 0-23
[    0.000000] ACPI: INT_SRC_OVR (bus 0 bus_irq 0 global_irq 2 dfl dfl)
[    0.000000] ACPI: INT_SRC_OVR (bus 0 bus_irq 9 global_irq 9 low level)
[    0.000000] Using ACPI (MADT) for SMP configuration information
[    0.000000] smpboot: Allowing 2 CPUs, 0 hotplug CPUs
[    0.000000] PM: Registered nosave memory: [mem 0x00000000-0x00000fff]
[    0.000000] PM: Registered nosave memory: [mem 0x0009f000-0x0009ffff]
[    0.000000] PM: Registered nosave memory: [mem 0x000a0000-0x000effff]
[    0.000000] PM: Registered nosave memory: [mem 0x000f0000-0x000fffff]
[    0.000000] e820: [mem 0x40000000-0xfebfffff] available for PCI devices
[    0.000000] Booting paravirtualized kernel on KVM
[    0.000000] clocksource: refined-jiffies: mask: 0xffffffff max_cycles: 0xffffffff, max_idle_ns: 7645519600211568 ns
[    0.000000] setup_percpu: NR_CPUS:512 nr_cpumask_bits:512 nr_cpu_ids:2 nr_node_ids:1
[    0.000000] PERCPU: Embedded 34 pages/cpu @ffff88003fc00000 s99480 r8192 d31592 u1048576
[    0.000000] Built 1 zonelists in Node order, mobility grouping on.  Total pages: 257912
[    0.000000] Policy zone: DMA32
[    0.000000] Kernel command line: BOOT_IMAGE=/boot/vmlinuz-4.4.0-143-generic root=LABEL=cloudimg-rootfs ro console=tty1 console=ttyS0
[    0.000000] PID hash table entries: 4096 (order: 3, 32768 bytes)
[    0.000000] Memory: 997716K/1048120K available (8608K kernel code, 1332K rwdata, 4008K rodata, 1484K init, 1316K bss, 50404K reserved, 0K cma-reserved)
[    0.000000] SLUB: HWalign=64, Order=0-3, MinObjects=0, CPUs=2, Nodes=1
[    0.000000] Kernel/User page tables isolation: enabled
[    0.000000] Hierarchical RCU implementation.
[    0.000000] 	Build-time adjustment of leaf fanout to 64.
[    0.000000] 	RCU restricting CPUs from NR_CPUS=512 to nr_cpu_ids=2.
[    0.000000] RCU: Adjusting geometry for rcu_fanout_leaf=64, nr_cpu_ids=2
[    0.000000] NR_IRQS:33024 nr_irqs:440 16
[    0.000000] Console: colour VGA+ 80x25
[    0.000000] console [tty1] enabled
[    0.000000] console [ttyS0] enabled
[    0.000000] tsc: Detected 2904.000 MHz processor
[    0.175846] Calibrating delay loop (skipped) preset value.. 5808.00 BogoMIPS (lpj=11616000)
[    0.177147] pid_max: default: 32768 minimum: 301
[    0.177829] ACPI: Core revision 20150930
[    0.179164] ACPI: 2 ACPI AML tables successfully acquired and loaded
[    0.180158] Security Framework initialized
[    0.180792] Yama: becoming mindful.
[    0.181388] AppArmor: AppArmor initialized
[    0.182079] Dentry cache hash table entries: 131072 (order: 8, 1048576 bytes)
[    0.183609] Inode-cache hash table entries: 65536 (order: 7, 524288 bytes)
[    0.184598] Mount-cache hash table entries: 2048 (order: 2, 16384 bytes)
[    0.185501] Mountpoint-cache hash table entries: 2048 (order: 2, 16384 bytes)
[    0.186567] Initializing cgroup subsys io
[    0.187191] Initializing cgroup subsys memory
[    0.187850] Initializing cgroup subsys devices
[    0.188519] Initializing cgroup subsys freezer
[    0.189183] Initializing cgroup subsys net_cls
[    0.189847] Initializing cgroup subsys perf_event
[    0.190547] Initializing cgroup subsys net_prio
[    0.191236] Initializing cgroup subsys hugetlb
[    0.191899] Initializing cgroup subsys pids
[    0.193606] mce: CPU supports 0 MCE banks
[    0.194241] Last level iTLB entries: 4KB 64, 2MB 8, 4MB 8
[    0.195017] Last level dTLB entries: 4KB 64, 2MB 0, 4MB 0, 1GB 4
[    0.195842] Spectre V2 : Mitigation: Full generic retpoline
[    0.201891] Spectre V2 : Spectre v2 / SpectreRSB mitigation: Filling RSB on context switch
[    0.204442] Speculative Store Bypass: Vulnerable
[    0.207297] Freeing SMP alternatives memory: 32K
[    0.212265] ftrace: allocating 32278 entries in 127 pages
[    0.257910] smpboot: APIC(0) Converting physical 0 to logical package 0
[    0.258876] smpboot: Max logical packages: 1
[    0.259745] x2apic enabled
[    0.260428] Switched APIC routing to physical x2apic.
[    0.262069] ..TIMER: vector=0x30 apic1=0 pin1=2 apic2=-1 pin2=-1
[    0.370453] smpboot: CPU0: Intel(R) Core(TM) i7-7500U CPU @ 2.70GHz (family: 0x6, model: 0x8e, stepping: 0x9)
[    0.387598] Performance Events: unsupported p6 CPU model 142 no PMU driver, software events only.
[    0.398136] KVM setup paravirtual spinlock
[    0.403366] x86: Booting SMP configuration:
[    0.409477] .... node  #0, CPUs:      #1
[    0.410372] kvm-clock: cpu 1, msr 0:3ffe3041, secondary cpu clock
[    0.423667] mce: CPU supports 0 MCE banks
[    0.430560] x86: Booted up 1 node, 2 CPUs
[    0.431455] smpboot: Total of 2 processors activated (11616.00 BogoMIPS)
[    0.432830] devtmpfs: initialized
[    0.434740] evm: security.selinux
[    0.435308] evm: security.SMACK64
[    0.435869] evm: security.SMACK64EXEC
[    0.436615] evm: security.SMACK64TRANSMUTE
[    0.437273] evm: security.SMACK64MMAP
[    0.437862] evm: security.ima
[    0.438371] evm: security.capability
[    0.439148] clocksource: jiffies: mask: 0xffffffff max_cycles: 0xffffffff, max_idle_ns: 7645041785100000 ns
[    0.440560] futex hash table entries: 512 (order: 3, 32768 bytes)
[    0.441537] pinctrl core: initialized pinctrl subsystem
[    0.442379] RTC time: 15:06:35, date: 09/10/19
[    0.443208] NET: Registered protocol family 16
[    0.454619] cpuidle: using governor ladder
[    0.590558] cpuidle: using governor menu
[    0.659628] PCCT header not found.
[    0.660262] ACPI: bus type PCI registered
[    0.660880] acpiphp: ACPI Hot Plug PCI Controller Driver version: 0.5
[    0.661848] PCI: Using configuration type 1 for base access
[    0.675233] ACPI: Added _OSI(Module Device)
[    0.722828] ACPI: Added _OSI(Processor Device)
[    0.723622] ACPI: Added _OSI(3.0 _SCP Extensions)
[    0.724458] ACPI: Added _OSI(Processor Aggregator Device)
[    0.725923] ACPI: Executed 1 blocks of module-level executable AML code
[    0.728689] ACPI: Interpreter enabled
[    0.729393] ACPI: (supports S0 S5)
[    0.730045] ACPI: Using IOAPIC for interrupt routing
[    0.731029] PCI: Using host bridge windows from ACPI; if necessary, use "pci=nocrs" and report a bug
[    0.735280] ACPI: PCI Root Bridge [PCI0] (domain 0000 [bus 00-ff])
[    0.736329] acpi PNP0A03:00: _OSC: OS supports [ASPM ClockPM Segments MSI]
[    0.737453] acpi PNP0A03:00: _OSC: not requesting OS control; OS requires [ExtendedConfig ASPM ClockPM MSI]
[    0.739148] acpi PNP0A03:00: fail to add MMCONFIG information, can't access extended PCI configuration space under this bridge.
[    0.747695] PCI host bridge to bus 0000:00
[    0.748335] pci_bus 0000:00: root bus resource [io  0x0000-0x0cf7 window]
[    0.749243] pci_bus 0000:00: root bus resource [io  0x0d00-0xffff window]
[    0.750146] pci_bus 0000:00: root bus resource [mem 0x000a0000-0x000bffff window]
[    0.751301] pci_bus 0000:00: root bus resource [mem 0x40000000-0xfdffffff window]
[    0.752452] pci_bus 0000:00: root bus resource [bus 00-ff]
[    0.754495] pci 0000:00:01.1: legacy IDE quirk: reg 0x10: [io  0x01f0-0x01f7]
[    0.755452] pci 0000:00:01.1: legacy IDE quirk: reg 0x14: [io  0x03f6]
[    0.756339] pci 0000:00:01.1: legacy IDE quirk: reg 0x18: [io  0x0170-0x0177]
[    0.757280] pci 0000:00:01.1: legacy IDE quirk: reg 0x1c: [io  0x0376]
[    0.771535] pci 0000:00:07.0: quirk: [io  0x4000-0x403f] claimed by PIIX4 ACPI
[    0.772808] pci 0000:00:07.0: quirk: [io  0x4100-0x410f] claimed by PIIX4 SMB
[    0.789408] ACPI: PCI Interrupt Link [LNKA] (IRQs 5 9 10 *11)
[    0.795993] ACPI: PCI Interrupt Link [LNKB] (IRQs 5 9 *10 11)
[    0.797165] ACPI: PCI Interrupt Link [LNKC] (IRQs 5 *9 10 11)
[    0.798347] ACPI: PCI Interrupt Link [LNKD] (IRQs 5 9 10 *11)
[    0.799560] ACPI: Enabled 2 GPEs in block 00 to 07
[    0.800586] vgaarb: setting as boot device: PCI:0000:00:02.0
[    0.801388] vgaarb: device added: PCI:0000:00:02.0,decodes=io+mem,owns=io+mem,locks=none
[    0.802586] vgaarb: loaded
[    0.803120] vgaarb: bridge control possible 0000:00:02.0
[    0.804072] SCSI subsystem initialized
[    0.804795] ACPI: bus type USB registered
[    0.805431] usbcore: registered new interface driver usbfs
[    0.806203] usbcore: registered new interface driver hub
[    0.806966] usbcore: registered new device driver usb
[    0.808331] PCI: Using ACPI for IRQ routing
[    0.809223] NetLabel: Initializing
[    0.809778] NetLabel:  domain hash size = 128
[    0.810428] NetLabel:  protocols = UNLABELED CIPSOv4
[    0.811169] NetLabel:  unlabeled traffic allowed by default
[    0.812054] amd_nb: Cannot enumerate AMD northbridges
[    0.835024] clocksource: Switched to clocksource kvm-clock
[    0.844782] AppArmor: AppArmor Filesystem Enabled
[    0.845560] pnp: PnP ACPI init
[    0.846653] pnp: PnP ACPI: found 3 devices
[  0.855393] clocksource: acpi_pm: mask: 0xffffff max_cycles: 0xffffff, max_idle_ns: 2085701024 ns
[    0.913757] NET: Registered protocol family 2
[    0.914675] TCP established hash table entries: 8192 (order: 4, 65536 bytes)
[    0.915855] TCP bind hash table entries: 8192 (order: 5, 131072 bytes)
[    0.916950] TCP: Hash tables configured (established 8192 bind 8192)
[    0.918016] UDP hash table entries: 512 (order: 2, 16384 bytes)
[    0.919008] UDP-Lite hash table entries: 512 (order: 2, 16384 bytes)
[    0.920099] NET: Registered protocol family 1
[    0.920977] pci 0000:00:00.0: Limiting direct PCI/I transfers
[    0.962926] pci 0000:00:01.0: Activating ISA DMA hang workarounds
[    0.964063] Unpackingniam..

[    1.301285] Freeing initrd memory: 14816K
[    1.302269] platform rtc_cmos: registered platform RTC device (no PNP device found)
[    1.303693] Scanning for low memory corruption every 60 seconds
[    1.305052] audit: initializing netlink subsys (disabled)
[    1.305996] audit: type=2000 audit(1568128001.119:1): initialized
[    1.307218] Initialise system trusted keyring
[    1.308177] HugeTLB registered 2 MB page size, pre-allocated 0 pages
[    1.310294] zbud: loaded
[    1.311169] VFS: Disk quotas dquot_6.6.0
[    1.311940] VFS: Dquot-cache hash table entries: 512 (order 0, 4096 bytes)
[    1.313276] squashfs: version 4.0 (2009/01/31) Phillip Lougher
[    1.314502] fuse init (API version 7.23)
[    1.315327] Key type big_key registered
[    1.316088] Allocaiing IMA MOK and blacklist keyrings.
[    1.403714] Key type asymmetric registered
[    1.404486] Asymmetric key parser 'x509' registered
[    1.405388] Block layer SCSI generic (bsg) driver version 0.4 loaded (major 249)
[    1.406792] io scheduler noop registered
[    1.407547] io scheduler deadline registered (default)
[    1.408484] io scheduler cfq registered
[    1.409295] pci_hotplug: PCI Hot Plug PCI Core version: 0.5
[    1.410258] pciehp: PCI Express Hot Plug Controller Driver version: 0.4
[    1.411480] ACPI: AC Adapter [AC] (on-line)
[    1.412304] input: Power Button as /devices/LNXSYSTM:00/LNXPWRBN:00/input/input0
[    1.413665] ACPI: Power Button [PWRF]
[    1.414408] input: Sleep Button as /devices/LNXSYSTM:00/LNXSLPBN:00/input/input1
[    1.415806] ACPI: Sleep Button [SLPF]
[    1.417065] ACPI: Battery Slot [BAT0] (battery present)
[    1.418006] GHES: HEST is not enabled!
[    1.418791] Serial: 8250/16550 driver, 32 ports, IRQ sharing enabled
[    1.441517] 00:02: ttyS0 at I/O 0x3f8 (irq = 4, base_baud = 115200) is a 16550A
[    1.445196] Linux agpgart interface v0.103
[    1.447912] loop: module loaded
[    1.449292] scsi host0: ata_piix
[    1.450110] scsi host1: ata_piix
[    1.450784] ata1: PATA max UDMA/33 cmd 0x1f0 ctl 0x3f6 bmdma 0xd000 irq 14
[    1.457361] ata2: PATA max UDMA/33 cmd 0x170 ctl 0x376 bmdma 0xd008 irq 15
[    1.458814] libphy: Fixed MDIO Bus: probed
[    1.459771] tun: Universal TUN/TAP device driver, 1.6
[    1.460845] tun: (C) 1999-2004 Max Krasnyansky <maxk@qualcomm.com>
[    1.462167] PPP generic driver version 2.4.2
[    1.463212] ehci_hcd: USB 2.0 'Enhanced' Host Controller (EHCI) Driver
[    1.464501] ehci-pci: EHCI PCI platform driver
[    1.465477] ehci-platform: EHCI generic platform driver
[    1.471684] ohci_hcd: USB 1.1 'Open' Host Controller (OHCI) Driver
[    1.472731] ohci-pci: OHCI PCI platform driver
[    1.483988] ohci-platform: OHCI generic platform driver
[    1.490257] uhci_hcd: USB Universal Host Controller Interface driver
[    1.495706] i8042: PNP: PS/2 Controller [PNP0303:PS2K,PNP0f03:PS2M] at 0x60,0x64 irq 1,12
[    1.503477] serio: i8042 KBD port at 0x60,0x64 irq 1
[    1.509550] serio: i8042 AUX port at 0x60,0x64 irq 12
[    1.510640] mousedev: PS/2 mouse device common for all mice
[    1.511887] input: AT Translated Set 2 keyboard as /devices/platform/i8042/serio0/input/input2
[    1.513775] rtc_cmos rtc_cmos: rtc core: registered rtc_cmos as rtc0
[    1.514840] rtc_cmos rtc_cmos: alarms up to one day, 114 bytes nvram
[    1.519701] i2c /dev entries driver
[    1.520694] device-mapper: uevent: version 1.0.3
[    1.521497] device-mapper: ioctl: 4.34.0-ioctl (2015-10-28) initialised: dm-devel@redhat.com
[    1.522760] ledtrig-cpu: registered to indicate activity on CPUs
[    1.523988] NET: Registered protocol family 10
[    1.524939] NET: Registered protocol family 17
[    1.525729] Key type dns_resolver registered
[    1.526812] registered taskstats version 1
[    1.527571] Loading compiled-in X.509 certificates
[    1.528914] Loaded X.509 cert 'Build time autogenerated kernel key: d03773f65dd2b75b701d4dd50cb1e8d0c07b3b6e'
[    1.530578] zswap: loaded using pool lzo/zbud
[    1.532832] Key type trusted registered
[    1.535820] Key type encrypted registered
[    1.536583] AppArmor: AppArmor sha1 policy hashing enabled
[    1.537494] ima: No TPM chip found, activating TPM-bypass!
[    1.538408] ima: Allocated hash algorithm: sha1
[    1.539215] evm: HMAC attrs: 0x1
[    1.540083]   Magic number: 3:425:133
[    1.540872] rtc_cmos rtc_cmos: setting system clock to 2019-09-10 15:06:36 UTC (1568127996)
[    1.542454] BIOS EDD facility v0.16 2004-Jun-25, 0 devices found
[    1.543462] EDD information not available.
[    1.618258] Freeing unused kernel memory: 1484K
[    1.621698] Write protecting the kernel read-only data: 14336k
[    1.626544] Freeing unused kernel memory: 1620K
[    1.630158] Freeing unused kernel memory: 88K
Loading, please wait...
starting version 229
[    1.670106] random: systemd-udevd: uninitialized urandom read (16 bytes read, 3 bits of entropy available)
[    1.672542] random: udevadm: uninitialized urandom read (16 bytes read, 3 bits of entropy available)
[    1.672594] random: udevadm: uninitialized urandom read (16 bytes read, 3 bits of entropy available)
[    1.687623] random: udevadm: uninitialized urandom read (16 bytes read, 3 bits of entropy available)
[    1.687675] random: udevadm: uninitialized urandom read (16 bytes read, 3 bits of entropy available)
[    1.687831] random: udevadm: uninitialized urandom read (16 bytes read, 3 bits of entropy available)
[    1.687888] random: udevadm: uninitialized urandom read (16 bytes read, 3 bits of entropy available)
[    1.687943] random: udevadm: uninitialized urandom read (16 bytes read, 3 bits of entropy available)
[    1.688000] random: udevadm: uninitialized urandom read (16 bytes read, 3 bits of entropy available)
[    1.688053] random: udevadm: uninitialized urandom read (16 bytes read, 3 bits of entropy available)
[    1.753987] e1000: Intel(R) PRO/1000 Network Driver - version 7.3.21-k8-NAPI
[    1.755006] e1000: Copyright (c) 1999-2006 Intel Corporation.
[    1.758271] Fusion MPT base driver 3.04.20
[    1.758924] Copyright (c) 1999-2008 LSI Corporation
[    1.771826] AVX2 version of gcm_enc/dec engaged.
[    1.772808] AES CTR mode by8 optimization enabled
[    1.777271] Fusion MPT SPI Host driver 3.04.20
[    1.968117] input: ImExPS/2 Generic Explorer Mouse as /devices/platform/i8042/serio1/input/input4
[    2.105413] e1000 0000:00:03.0 eth0: (PCI:33MHz:32-bit) 02:23:9c:1d:6d:2d
[    2.107006] e1000 0000:00:03.0 eth0: Intel(R) PRO/1000 Network Connection
[    2.109323] mptbase: ioc0: Initiating bringup
[    2.171834] ioc0: LSI53C1030 A0: Capabilities={Initiator}
[    2.299748] clocksource: tsc: mask: 0xffffffffffffffff max_cycles: 0x29dc05e54fc, max_idle_ns: 440795291716 ns
[    2.396876] scsi host2: ioc0: LSI53C1030 A0, FwRev=00000000h, Ports=1, MaxQ=256, IRQ=20
[    2.508403] scsi 2:0:0:0: Direct-Access     VBOX     HARDDISK         1.0  PQ: 0 ANSI: 5
[    2.528522] scsi target2:0:0: Beginning Domain Validation
[    2.539959] scsi target2:0:0: Domain Validation skipping write tests
[    2.551785] scsi target2:0:0: Ending Domain Validation
[    2.559593] scsi target2:0:0: asynchronous
[    2.564300] scsi 2:0:1:0: Direct-Access     VBOX     HARDDISK         1.0  PQ: 0 ANSI: 5
[    2.577679] scsi target2:0:1: Beginning Domain Validation
[    2.579257] scsi target2:0:1: Domain Validation skipping write tests
[    2.598687] scsi target2:0:1: Ending Domain Validation
[    2.612445] scsi target2:0:1: asynchronous
[    2.623750] sd 2:0:0:0: Attached scsi generic sg0 type 0
[    2.624823] sd 2:0:0:0: [sda] 20971520 512-byte logical blocks: (10.7 GB/10.0 GiB)
[    2.626480] sd 2:0:1:0: Attached scsi generic sg1 type 0
[    2.636292] sd 2:0:0:0: [sda] Write Protect is off
[    2.637242] sd 2:0:0:0: [sda] Incomplete mode parameter data
[    2.639305] sd 2:0:0:0: [sda] Assuming drive cache: write through
[    2.640769] sd 2:0:1:0: [sdb] 20480 512-byte logical blocks: (10.5 MB/10.0 MiB)
[    2.643363] sd 2:0:1:0: [sdb] Write Protect is off
[    2.644315] sd 2:0:1:0: [sdb] Incomplete mode parameter data
[    2.645301] sd 2:0:1:0: [sdb] Assuming drive cache: write through
[    2.673339]  sda: sda1
[    2.674396] sd 2:0:0:0: [sda] Attached SCSI disk
[    2.708892] sd 2:0:1:0: [sdb] Attached SCSI disk
[    2.858188] e1000 0000:00:08.0 eth1: (PCI:33MHz:32-bit) 08:00:27:fc:63:b6
[    2.903007] e1000 0000:00:08.0 eth1: Intel(R) PRO/1000 Network Connection
[    2.904770] e1000 0000:00:08.0 enp0s8: renamed from eth1
[    2.915168] e1000 0000:00:03.0 enp0s3: renamed from eth0
Begin: Loading essential drivers ... [    4.204796] md: linear personality registered for level -1
[    4.207722] md: multipath personality registered for level -4
[    4.210597] md: raid0 personality registered for level 0
[    4.214477] md: raid1 personality registered for level 1
[    4.379047] raid6: sse2x1   gen() 10899 MB/s
[    4.447080] raid6: sse2x1   xor()  9070 MB/s
[    4.515088] raid6: sse2x2   gen() 14946 MB/s
[    4.583081] raid6: sse2x2   xor() 10403 MB/s
[    4.651081] raid6: sse2x4   gen() 17023 MB/s
[    4.719043] raid6: sse2x4   xor() 11363 MB/s
[    4.791049] raid6: avx2x1   gen() 19934 MB/s
[    4.859086] raid6: avx2x2   gen() 26113 MB/s
[    4.927081] raid6: avx2x4   gen() 30483 MB/s
[    4.931721] raid6: using algorithm avx2x4 gen() 30483 MB/s
[    4.932503] raid6: using avx2x2 recovery algorithm
[    4.934251] xor: automatically using best checksumming function:
[    4.987302]    avx       : 65760.000 MB/sec
[    5.003811] async_tx: api initialized (async)
[    5.012228] md: raid6 personality registered for level 6
[    5.013127] md: raid5 personality registered for level 5
[    5.013879] md: raid4 personality registered for level 4
[    5.019450] md: raid10 personality registered for level 10
done.
Begin: Running /scripts/init-premount ... done.
Begin: Mounting root file system ... Begin: Running /scripts/local-top ... done.
Begin: Running /scripts/local-premount ... [    5.044577] Btrfs loaded
Scanning for Btrfs filesystems
done.
Warning: fsck not present, so skipping root file system
[    5.115534] EXT4-fs (sda1): mounted filesystem with ordered data mode. Opts: (null)
done.
Begin: Running /scripts/local-bottom ... done.
Begin: Running /scripts/init-bottom ... done.
[    5.789488] systemd[1]: systemd 229 running in system mode. (+PAM +AUDIT +SELINUX +IMA +APPARMOR +SMACK +SYSVINIT +UTMP +LIBCRYPTSETUP +GCRYPT +GNUTLS +ACL +XZ -LZ4 +SECCOMP +BLKID +ELFUTILS +KMOD -IDN)
[    5.810744] systemd[1]: Detected virtualization oracle.
[    5.812459] systemd[1]: Detected architecture x86-64.

Welcome to [1mUbuntu 16.04.6 LTS[0m!

[    5.867056] systemd[1]: Set hostname to <ubuntu>.
[    5.881763] systemd[1]: Initializing machine ID from random generator.
[    5.882849] systemd[1]: Installed transient /etc/machine-id file.
[    6.248066] random: nonblocking pool is initialized
[    7.205519] systemd[1]: Listening on Device-mapper event daemon FIFOs.
[[0;32m  OK  [0m] Listening on Device-mapper event daemon FIFOs.
[    7.226710] systemd[1]: Listening on LVM2 poll daemon socket.
[[0;32m  OK  [0m] Listening on LVM2 poll daemon socket.
[    7.362784] systemd[1]: Listening on udev Kernel Socket.
[[0;32m  OK  [0m] Listening on udev Kernel Socket.
[    7.384084] systemd[1]: Reached target User and Group Name Lookups.
[[0;32m  OK  [0m] Reached target User and Group Name Lookups.
[    7.391291] systemd[1]: Reached target System Time Synchronized.
[[0;32m  OK  [0m] Reached target System Time Synchronized.
[    7.396253] systemd[1]: Listening on udev Control Socket.
[[0;32m  OK  [0m] Listening on udev Control Socket.
[    7.403647] systemd[1]: Started Trigger resolvconf update for networkd DNS.
[[0;32m  OK  [0m] Started Trigger resolvconf update for networkd DNS.
[    7.406662] systemd[1]: Listening on Journal Socket (/dev/log).
[[0;32m  OK  [0m] Listening on Journal Socket (/dev/log).
[    7.409336] systemd[1]: Listening on Syslog Socket.
[[0;32m  OK  [0m] Listening on Syslog Socket.
[    7.411612] systemd[1]: Created slice User and Session Slice.
[[0;32m  OK  [0m] Created slice User and Session Slice.
[    79068] systemd[1]: Reached target Swap.
[[0;32m  OK  [0m] Reached target Swap.
[    7.997950] sytemd[1]: Listening o LVM2 metadata daemon socket.
[[0;32m  OK  [0m] Listening on LVM2 metadata daemon socket.
[    8.044529] systemd[1]: Set up automount Arbitrary Executable File Formats File System Automount Point.
[[0;32m  OK  [0m] Set up automount Arbitrary Executab...ats File System Automount Point.
[    8.047090] systemd[1]: Listening on Journal Audit Socket.
[[0;32m  OK  [0m] Listening on Journal Audit Socket.
[    8.366997] systemd[1]: Started Forward Password Requests to Wall Directory Watch.
[[0;32m  OK  [0m] Started Forward Password Requests to Wall Directory Watch.
[    8.384621] systemd[1]: Listening on Journal Socket.
[[0;32m  OK  [0m] Listening on Journal Socket.
[    8.392090] systemd[1]: Created slice System Slice.
[[0;32m  OK  [0m] Created slice System Slice.
[    8.432259] systemd[1]: Starting Remount Root and Kernel File Systems...
         Starting Remount Root and Kernel File Systems...
[    8.441642] systemd[1]: Starting Monitoring of LVM2 mirrors, snapshots etc. using dmeventd or progress polling...
         Starting Monitoring of LVM2 mirrors... dmeventd or progress polling...
[    8.446478] systemd[1]: Mounting POSIX Message Queue File System...
         Mounting POSIX Message Queue File System...
[    8.479254] systemd[1]: Starting Nameserver information manager...
         Starting Nameserver information manager...
[    8.488201] systemd[1]: Starting Journal Service...
         Starting Journal Service...
[    8.495914] systemd[1]: Mounting Debug File System...
         Mounting Debug File System...
[    8.498285] systemd[1]: Starting Set console keymap...
         Starting Set console keymap...
[    8.500079] systemd[1]: Reached target Slices.
[[0;32m  OK  [0m] Reached target Slices.
[    8.507427] systemd[1]: Starting Create list of required static device nodes for the current kernel...
         Starting Create list of required st... nodes for the current kernel...
[    8.510710] systemd[1]: Mounting Huge Pages File System...
         Mounting Huge Pages File System...
[    8.512629] systemd[1]: Listening on /dev/initctl Compatibility Named Pipe.
[[0;32m  OK  [0m] Listening on /dev/initctl Compatibility Named Pipe.
[    8.514862] systemd[1]: Reached target Encrypted Volumes.
[[0;32m  OK  [0m] Reached target Encrypted Volumes.
[    8.517206] systemd[1]: Starting Uncomplicated firewall...
         Starting Uncomplicated firewall...
[    8.942478] EXT4-fs (sda1): re-mounted. Opts: (null)
[    9.059217] systemd[1]: Starting Load Kernel Modules...
         Starting Load Kernel Modules...
[    9.063274] systemd[1]: Created slice system-serial\x2dgetty.slice.
[[0;32m  OK  [0m] Created slice system-serial\x2dgetty.slice.
[    9.066808] systemd[1]: Mounted Debug File System.
[[0;32m  OK  [0m] Mounted Debug File System.
[    9.080105] systemd[1]: Mounted Huge Pages File System.
[[0;32m  OK  [0m] Mounted Huge Pages File System.
[    9.082519] systemd[1]: Mounted POSIX Message Queue File System.
[[0;32m  OK  [0m] Mounted POSIX Message Queue File System.
[    9.085642] systemd[1]: Started Remount Root and Kernel File Systems.
[[0;32m  OK  [0m] Started Remount Root and Kernel File Systems.
[    9.089816] systemd[1]: Started Create list of required static device nodes for the current kernel.
[[0;32m  OK  [0m] Started Create list of required sta...ce nodes for the current kernel.
[    9.159406] systemd[1]: Starting Create Static Device Nodes in /dev...
         Starting Create Static Device Nodes in /dev...
[    9.299460] systemd[1]: Starting udev Coldplug all Devices...
         Starting udev Coldplug all Devices...
[    9.309255] systemd[1]: Starting Load/Save Random Seed...
         Starting Load/Save Random Seed...
[    9.323946] systemd[1]: Started Uncomplicated firewall.
[[0;32m  OK  [0m] Started Uncomplicated firewall.
[    9.527796] systemd[1]: Started Nameserver information manager.
[[0;32m  OK  [0m] Started Nameserver information manager.
[    9.602689] systemd[1]: Started Load/Save Random Seed.
[[0;32m  OK  [0m] Started Load/Save Random Seed.
[    9.639144] systemd[1]: Started Set console keymap.
[[0;32m  OK  [0m] Started Set console keymap.
[    9.720298] Loading iSCSI transport class v2.0-870.
[    9.826182] systemd[1]: Started Journal Service.
[[0;32m  OK  [0m] Started Journal Service.
[[0;32m  OK  [0m] Started udev Coldplug all Devices.
         Starting Flush Journal to Persistent Storage...
[    9.854777] iscsi: registered transport (tcp)
[[0;32m  OK  [0m] Started LVM2 metadata daemon.
[    9.893985] systemd-journald[382]: Received request to flush runtime journal from PID 1
[[0;32m  OK  [0m] Started Flush Journal to Persistent Storage.
[   10.067860] iscsi: registered transport (iser)
[[0;32m  OK  [0m] Started Load Kernel Modules.
         Starting Apply Kernel Variables...
         Mounting FUSE Control File System...
[[0;32m  OK  [0m] Mounted FUSE Control File System.
[[0;32m  OK  [0m] Started Create Static Device Nodes in /dev.
         Starting udev Kernel Device Manager...
[[0;32m  OK  [0m] Started Apply Kernel Variables.
[[0;32m  OK  [0m] Started udev Kernel Device Manager.
[[0;32m  OK  [0m] Started Dispatch Password Requests to Console Directory Watch.
[[0;32m  OK  [0m] Started Monitoring of LVM2 mirrors,...ng dmeventd or progress polling.
[[0;32m  OK  [0m] Reached target Local File Systems (Pre).
[[0;32m  OK  [0m] Reached target Local File Systems.
         Starting Initial cloud-init job (pre-networking)...
         Starting Set console font and keymap...
         Starting Create Volatile Files and Directories...
         Starting Tell Plymouth To Write Out Runtime Data...
         Starting LSB: AppArmor initialization...
         Starting Commit a transient machine-id on disk...
[[0;32m  OK  [0m] Found device /dev/ttyS0.
[[0;32m  OK  [0m] Started Tell Plymouth To Write Out Runtime Data.
[[0;32m  OK  [0m] Started Commit a transient machine-id on disk.
[[0;32m  OK  [0m] Listening on Load/Save RF Kill Switch Status /dev/rfkill Watch.
[[0;32m  OK  [0m] Started Create Volatile Files and Directories.
         Starting Update UTMP about System Boot/Shutdown...
[[0;32m  OK  [0m] Started Update UTMP about System Boot/Shutdown.
[[0;32m  OK  [0m] Started LSB: AppArmor initialization.
[[0;32m  OK  [0m] Started Set console font and keymap.
[[0;32m  OK  [0m] Created slice system-getty.slice.
[   21.221377] cloud-init[486]: Cloud-init v. 18.5-21-g8ee294d5-0ubuntu1~16.04.1 running 'init-local' at Tue, 10 Sep 2019 15:06:53 +0000. Up 17.97 seconds.
[[0;32m  OK  [0m] Started Initial cloud-init job (pre-networking).
[[0;32m  OK  [0m] Reached target Network (Pre).
         Starting Raise network interfaces...
[[0;32m  OK  [0m] Started Raise network interfaces.
         Starting Initial cloud-init job (metadata service crawler)...
[[0;32m  OK  [0m] Reached target Network.
[   27.027740] cloud-init[964]: Cloud-init v. 18.5-21-g8ee294d5-0ubuntu1~16.04.1 running 'init' at Tue, 10 Sep 2019 15:06:58 +0000. Up 22.99 seconds.
[   27.084216] cloud-init[964]: ci-info: ++++++++++++++++++++++++++++++++++++++Net device info+++++++++++++++++++++++++++++++++++++++
[   27.084432] cloud-init[964]: ci-info: +--------+-------+----------------------------+---------------+--------+-------------------+
[[0;32m  OK  [0m] Started Initial cloud-init job (metadata service crawler).
[   27.084562] cloud-init[964]: ci-info: | Device |   Up  |          Address           |      Mask     | Scope  |     Hw-Address    |
[   27.092647] cloud-init[964]: ci-info: +--------+-------+----------------------------+---------------+--------+-------------------+
[   27.113404] cloud-init[964]: ci-info: | enp0s3 |  True |         10.0.2.15          | 255.255.255.0 | global | 02:23:9c:1d:6d:2d |
[   27.113599] cloud-init[964]: ci-info: | enp0s3 |  True | fe80::23:9cff:fe1d:6d2d/64 |       .       |  link  | 02:23:9c:1d:6d:2d |
[[0;32m  OK  [0m] Reached target Cloud-config availability.
[[   27.113734] cloud-init[964]: ci-info: | enp0s8 | False |             .              |       .       |   .    | 08:00:27:fc:63:b6 |
[   27.124611] cloud-init[964]: ci-info: |   lo   |  True |         127.0.0.1          |   255.0.0.0   |  host  |         .         |
[   27.124685] cloud-init[964]: ci-info: |   lo   |  True |          ::1/128           |       .       |  host  |         .         |
[   27.124820] cloud-init[964]: ci-info: +--------+-------+----------------------------+---------------+--------+-------------------+
[   27.124938] cloud-init[964]: ci-info: +++++++++++++++++++++++++++Route IPv4 info++++++++++++++++++++++++++++
[   27.125118] cloud-init[964]: ci-info: +-------+-------------+----------+---------------+-----------+-------+
[   27.125242] cloud-init[964]: ci-info: | Route | Destination | Gateway  |    Genmask    | Interface | Flags |
[0;32m  OK  [0m] Reached target System Initialization.
[[   27.125369] cloud-init[964]: ci-info: +-------+-------------+----------+---------------+-----------+-------+
[   27.149602] cloud-init[964]: ci-info: |   0   |   0.0.0.0   | 10.0.2.2 |    0.0.0.0    |   enp0s3  |   UG  |
[   27.149683] cloud-init[964]: ci-info: |   1   |   10.0.2.0  | 0.0.0.0  | 255.255.255.0 |   enp0s3  |   U   |
[   27.149807] cloud-init[964]: ci-info: +-------+-------------+----------+---------------+-----------+-------+
[   27.149932] cloud-init[964]: ci-info: +++++++++++++++++++Route IPv6 info+++++++++++++++++++
[   27.150068] cloud-init[964]: ci-info: +-------+-------------+---------+-----------+-------+
[0;32m  OK  [0m] Listening on ACPID Listen Socket.
[[   27.150195] cloud-init[964]: ci-info: | Route | Destination | Gateway | Interface | Flags |
[   27.193037] cloud-init[964]: ci-info: +-------+-------------+---------+-----------+-------+
[0;32m  OK  [0m] Listening on D-Bus System Message Bus Socket.
[   27.193131] cloud-init[964]: ci-info: |   0   |  fe80::/64  |    ::   |   enp0s3  |   U   |
         [   27.219705] cloud-init[964]: ci-info: |   3   |   ff00::/8  |    ::   |   enp0s3  |   U   |
[   27.219827] cloud-init[964]: ci-info: +-------+-------------+---------+-----------+-------+
Starting Socket activation for snappy daemon.
[   27.219954] cloud-init[964]: Generating public/private rsa key pair.
[   27.255754] cloud-init[964]: Your identification has been saved in /etc/ssh/ssh_host_rsa_key.
[   27.257314] cloud-init[964]: Your public key has been saved in /etc/ssh/ssh_host_rsa_key.pub.
[   27.277764] cloud-init[964]: The key fingerprint is:
[   27.287183] cloud-init[964]: SHA256:f5QbFSvdhF2TWd+7dQFMKRH2uwDYR0yme06DEAbXSPw root@ubuntu-xenial
[   27.287411] cloud-init[964]: The key's randomart image is:
[[0;32m  OK  [0m] Started ACPI Events Check.
[   27.287538] cloud-init[964]: +---[RSA 2048]----+
[   27.302257] cloud-init[964]: |     .+=o oB=oo+O|
[   27.302348] cloud-init[964]: |      oo+.=o.+oB=|
[   27.302474] cloud-init[964]: |       o.+ .o.+.+|
[   27.302600] cloud-init[964]: |        .E=  +. o|
[   27.302725] cloud-init[964]: |        So =+. .o|
[   27.302851] cloud-init[964]: |         .+.oo. +|
[   27.302977] cloud-init[964]: |          ..o. . |
[   27.303104] cloud-init[964]: |           .     |
[   27.303236] cloud-init[964]: |                 |
[   27.303356] cloud-init[964]: +----[SHA256]-----+
[   27.303482] cloud-init[964]: Generating public/private dsa key pair.
[   27.303607] cloud-init[964]: Your identification has been saved in /etc/ssh/ssh_host_dsa_key.
[   27.303735] cloud-init[964]: Your public key has been saved in /etc/ssh/ssh_host_dsa_key.pub.
[   27.303861] cloud-init[964]: The key fingerprint is:
[   27.303985] cloud-init[964]: SHA256:nlWYzwEzs2At8m/VadbT9YzIxQLP9m1szXaN6ga4JE0 root@ubuntu-xenial
[   27.304245] cloud-init[964]: The key's randomart image is:
[   27.304370] cloud-init[964]: +---[DSA 1024]----+
[   27.304494] cloud-init[964]: |        o.*. .   |
[   27.304621] cloud-init[964]: |      .....@. o .|
[   27.304747] cloud-init[964]: |       o .+.*= =+|
[   27.304874] cloud-init[964]: |        E  =+o**B|
[   27.305032] cloud-init[964]: |       oSo..ooo %|
[[0;32m  OK  [0m] Reached target Paths.
[   27.305168] cloud-init[964]: |      ..+o+  . +.|
[   27.319234] cloud-init[964]: |       ooo ..    |
[   27.319565] cloud-init[964]: |        .  ..    |
[   27.319697] cloud-init[964]: |           ..    |
[   27.319816] cloud-init[964]: +----[SHA256]-----+
[   27.319943] cloud-init[964]: Generating public/private ecdsa key pair.
[   27.320206] cloud-init[964]: Your identification has been saved in /etc/ssh/ssh_host_ecdsa_key.
[   27.320331] cloud-init[964]: Your public key has been saved in /etc/ssh/ssh_host_ecdsa_key.pub.
[   27.320460] cloud-init[964]: The key fingerprint is:
[   27.320586] cloud-init[964]: SHA256:A1pw0eTLbZ+4jQQI5dPV/Wi9P45pf/d8umN9jC3Xm6E root@ubuntu-xenial
[[0;32m  OK  [0m] Started Daily apt download activities.
[[   27.320742] cloud-init[964]: The key's randomart image is:
[   27.362282] cloud-init[964]: +---[ECDSA 256]---+
[0;32m  OK  [0m] Started Daily apt upgrade and clean activities.
[   27.362344] cloud-init[964]: |    . ++. .. .   |
[   27.376208] cloud-init[964]: |     = o..  . .  |
[   27.397265] cloud-init[964]: |    . = o      + |
[   27.420530] cloud-init[964]: |     + = o    o o|
[   27.421486] cloud-init[964]: |    . . S o  .  .|
[   27.440540] cloud-init[964]: |         + o . . |
[   27.440761] cloud-init[964]: |          o o  *o|
         Starting LXD - unix socket.
[[   27.441058] cloud-init[964]: |         . + .Oo#|
[   27.446564] cloud-init[964]: |          o oE=@@|
[0;32m  OK  [0m] Listening on UUID daemon activation socket.
[[   27.446694] cloud-init[964]: +----[SHA256]-----+
[   27.450287] cloud-init[964]: Generating public/private ed25519 key pair.
[   27.450368] cloud-init[964]: Your identification has been saved in /etc/ssh/ssh_host_ed25519_key.
[   27.450475] cloud-init[964]: Your public key has been saved in /etc/ssh/ssh_host_ed25519_key.pub.
[   27.450576] cloud-init[964]: The key fingerprint is:
[   27.450679] cloud-init[964]: SHA256:+EyoYu6b9DPy1kiO6/D4W/AhzVtqOK1Jz5T/mRPV1eg root@ubuntu-xenial
[   27.450785] cloud-init[964]: The key's randomart image is:
[   27.450889] cloud-init[964]: +--[ED25519 256]--+
[   27.450993] cloud-init[964]: |               o |
[   27.451099] cloud-init[964]: |              o .|
[   27.451403] cloud-init[964]: |           . o   |
[   27.451524] cloud-init[964]: |   o   o  . . E  |
[   27.451623] cloud-init[964]: |  o + + S.       |
[   27.451731] cloud-init[964]: |   *.B +.        |
[   27.451832] cloud-init[964]: |. B+@o  o.       |
[   27.451937] cloud-init[964]: | Oo&*.. .o       |
[   27.452155] cloud-init[964]: |.+&B=o..+.       |
[   27.452257] cloud-init[964]: +----[SHA256]-----+
[0;32m  OK  [0m] Started Daily Cleanup of Temporary Directories.
[[0;32m  OK  [0m] Reached target Timers.
[[0;32m  OK  [0m] Reached target Network is Online.
         Starting iSCSI initiator daemon (iscsid)...
[[0;32m  OK  [0m] Listening on Socket activation for snappy daemon.
[[0;32m  OK  [0m] Listening on LXD - unix socket.
[[0;32m  OK  [0m] Reached target Sockets.
[[0;32m  OK  [0m] Reached target Basic System.
         Starting LSB: Record successful boot for GRUB...
[[0;32m  OK  [0m] Started D-Bus System Message Bus.
         Starting Accounts Service...
         Starting LSB: MD monitoring daemon...
[[0;32m  OK  [0m] Started Deferred execution scheduler.
         Starting /etc/rc.local Compatibility...
[[0;32m  OK  [0m] Started Unattended Upgrades Shutdown.
         Starting Login Service...
[[0;32m  OK  [0m] Started FUSE filesystem for LXC.
         Starting LXD - container startup/shutdown...
         Starting System Logging Service...
         Starting Pollinate to seed the pseudo random number generator...
         Starting Snappy daemon...
[[0;32m  OK  [0m] Started ACPI event daemon.
         Starting Virtualbox guest utils...
[[0;32m  OK  [0m] Started Regular background program processing daemon.
[[0;32m  OK  [0m] Started /etc/rc.local Compatibility.
[[0;32m  OK  [0m] Started Login Service.
[[0;32m  OK  [0m] Started iSCSI initiator daemon (iscsid).
[[0;32m  OK  [0m] Started LSB: Record successful boot for GRUB.
         Starting Login to default iSCSI targets...
[[0;32m  OK  [0m] Started LSB: MD monitoring daemon.
[[0;32m  OK  [0m] Started System Logging Service.
[[0;32m  OK  [0m] Started Login to default iSCSI targets.
[[0;32m  OK  [0m] Reached target Remote File Systems (Pre).
[[0;32m  OK  [0m] Reached target Remote File Systems.
         Starting Permit User Sessions...
         Starting LSB: Set the CPU Frequency Scaling governor to "ondemand"...
         Starting LSB: daemon to balance interrupts for SMP systems...
         Starting LSB: automatic crash report generation...
[[0;32m  OK  [0m] Started LSB: Set the CPU Frequency Scaling governor to "ondemand".
[[0;32m  OK  [0m] Started Permit User Sessions.
         Starting Terminate Plymouth Boot Screen...
         Starting Hold until boot process finishes up...
[[0;32m  OK  [0m] Started Hold until boot process finishes up.
[[0;32m  OK  [0m] Started Terminate Plymouth Boot Screen.
[[0;32m  OK  [0m] Started Serial Getty on ttyS0.
         Starting Set console scheme...
[[0;32m  OK  [0m] Started Getty on tty1.
[[0;32m  OK  [0m] Reached target Login Prompts.
[[0;32m  OK  [0m] Started LSB: daemon to balance interrupts for SMP systems.
[[0;32m  OK  [0m] Started LSB: automatic crash report generation.
[[0;32m  OK  [0m] Started Virtualbox guest utils.
[[0;32m  OK  [0m] Started Set console scheme.
         Starting Authenticate and Authorize Users to Run Privileged Tasks...
[[0;32m  OK  [0m] Started Authenticate and Authorize Users to Run Privileged Tasks.
[[0;32m  OK  [0m] Started Accounts Service.
[[0;32m  OK  [0m] Started Pollinate to seed the pseudo random number generator.
         Starting OpenBSD Secure Shell server...
[[0;32m  OK  [0m] Started OpenBSD Secure Shell server.
[[0;32m  OK  [0m] Started LXD - container startup/shutdown.

Ubuntu 16.04.6 LTS ubuntu-xenial ttyS0

ubuntu-xenial login: [   38.170460] cloud-init[1317]: Generating locales (this might take a while)...
[   39.885674] cloud-init[1317]:   en_US.UTF-8... done
[   39.887321] cloud-init[1317]: Generation complete.
[   41.683060] cloud-init[1317]: Cloud-init v. 18.5-21-g8ee294d5-0ubuntu1~16.04.1 running 'modules:config' at Tue, 10 Sep 2019 15:07:12 +0000. Up 37.00 seconds.
ci-info: no authorized ssh keys fingerprints found for user ubuntu.
<14>Sep 10 15:07:17 ec2: 
<14>Sep 10 15:07:17 ec2: #############################################################
<14>Sep 10 15:07:17 ec2: -----BEGIN SSH HOST KEY FINGERPRINTS-----
<14>Sep 10 15:07:17 ec2: 1024 SHA256:nlWYzwEzs2At8m/VadbT9YzIxQLP9m1szXaN6ga4JE0 root@ubuntu-xenial (DSA)
<14>Sep 10 15:07:17 ec2: 256 SHA256:A1pw0eTLbZ+4jQQI5dPV/Wi9P45pf/d8umN9jC3Xm6E root@ubuntu-xenial (ECDSA)
<14>Sep 10 15:07:17 ec2: 256 SHA256:+EyoYu6b9DPy1kiO6/D4W/AhzVtqOK1Jz5T/mRPV1eg root@ubuntu-xenial (ED25519)
<14>Sep 10 15:07:17 ec2: 2048 SHA256:f5QbFSvdhF2TWd+7dQFMKRH2uwDYR0yme06DEAbXSPw root@ubuntu-xenial (RSA)
<14>Sep 10 15:07:17 ec2: -----END SSH HOST KEY FINGERPRINTS-----
<14>Sep 10 15:07:17 ec2: #############################################################
-----BEGIN SSH HOST KEY KEYS-----
ecdsa-sha2-nistp256 AAAAE2VjZHNhLXNoYTItbmlzdHAyNTYAAAAIbmlzdHAyNTYAAABBBKvuHeljPVeKbiDw5Z8IRhDuTfNbMTlk203kY+kAIn63Ypbt3y1Fb2fZ0i4ZUSPKHmmCZEOm1Z1UBPiXYY4kzL4= root@ubuntu-xenial
ssh-ed25519 AAAAC3NzaC1lZDI1NTE5AAAAIJTUQVGSAi0TqpnxvMJgZJMUIJzmXrA/Mfnqx1p1oKG0 root@ubuntu-xenial
ssh-rsa AAAAB3NzaC1yc2EAAAADAQABAAABAQCyXRwN/lSElQi2oz0vAzVr+bhaA+cCIhk713S6HOze1AdafWX2AkGksyhEn/y+yC8UvUuZeUHw7eEDaByRo2HSibJuCozeX/PNei4wpaLOQt7bVpNgvaDoTXOVz6AZ7gEhRRYuKabFTbtQGr8zQznQlKqbGea5Y1gwWVAXgo7+iWvG7rasE8zjVElGDvsTJw8oxG0RxpfzMN3uI4CKbj6KzfyXv5b955wZ33KreCIaAH2D5K0E1lb6kuJH1l6641wbmnSaltJQNHyRQY6zFLJ+QvgUML5cYMf+P2YgHGeY8LKr5qDjW1O5RVG7sPzXF9bJBNCjpKrYag1qIF5hDugb root@ubuntu-xenial
-----END SSH HOST KEY KEYS-----
[   42.097645] cloud-init[1493]: Cloud-init v. 18.5-21-g8ee294d5-0ubuntu1~16.04.1 running 'modules:final' at Tue, 10 Sep 2019 15:07:17 +0000. Up 41.95 seconds.
[   42.097853] cloud-init[1493]: ci-info: no authorized ssh keys fingerprints found for user ubuntu.
[   42.097998] cloud-init[1493]: Cloud-init v. 18.5-21-g8ee294d5-0ubuntu1~16.04.1 finished at Tue, 10 Sep 2019 15:07:17 +0000. Datasource DataSourceNoCloud [seed=/dev/sdb][dsmode=net].  Up 42.09 seconds
[[0;32m  OK  [0m] Stopped target Graphical Interface.
         Stopping User Manager for UID 1000...
[[0;32m  OK  [0m] Stopped target Timers.
[[0;32m  OK  [0m] Stopped target Cloud-init target.
[[0;32m  OK  [[[0;32m  OK  [0m] Stopped Apply the settings specified in cloud-config.
[[0;32m  OK  [0m] Stopped target Cloud-config availability.
         Stopping LSB: Set the CPU Frequency Scaling governor to "ondemand"...
         Stopping System Logging Service...
[[0;32m  OK  [0m] Stopped Wait until snapd is fully seeded.
         Stopping Session 3 of user vagrant.
[[0;32m  OK  [0m] Stopped Daily apt upgrade and clean activities.
[[0;32m  OK  [0m] Stopped Daily apt download activities.
[[0;32m  OK  [0m] Stopped target System Time Synchronized.
         Stopping Virtualbox guest utils...
[[0;32m  OK  [0m] Closed Load/Save RF Kill Switch Status /dev/rfkill Watch.
         Stopping Authenticate and Authorize Users to Run Privileged Tasks...
         Stopping ACPI event daemon...
         Stopping Docker Application Container Engine...
         Stopping LSB: automatic crash report generation...
         Stopping LXD - container startup/shutdown...
[[0;32m  OK  [0m] Unmounted /var/lib/lxcfs.
[[0;32m  OK  [0m] Stopped Accounts Service.
[[0;32m  OK  [0m] Stopped Deferred execution scheduler.
[[0;32m  OK  [0m] Stopped System Logging Service.
[[0;32m  OK  [0m] Stopped ACPI event daemon.
[[0;32m  OK  [0m] Stopped Regular background program processing daemon.
[[0;32m  OK  [0m] Stopped Serial Getty on ttyS0.
[[0;32m  OK  [0m] Stopped Getty on tty1.
[[0;32m  OK  [0m] Stopped Authenticate and Authorize Users to Run Privileged Tasks.
[[0;32m  OK  [0m] Stopped OpenBSD Secure Shell server.
[[0;32m  OK  [0m] Stopped User Manager for UID 1000.
[[0;32m  OK  [0m] Stopped Unattended Upgrades Shutdown.
[[0;32m  OK  [0m] Stopped D-Bus System Message Bus.
[[0;32m  OK  [0m] Stopped Session 3 of user vagrant.
[[0;32m  OK  [0m] Stopped FUSE filesystem for LXC.
[[0;32m  OK  [0m] Stopped LSB: Set the CPU Frequency Scaling governor to "ondemand".
[[0;32m  OK  [0m] Stopped LSB: Record successful boot for GRUB.
[[0;32m  OK  [0m] Stopped LSB: MD monitoring daemon.
[[0;32m  OK  [0m] Stopped LSB: daemon to balance interrupts for SMP systems.
[[0;32m  OK  [0m] Stopped LXD - container startup/shutdown.
[[0;32m  OK  [0m] Stopped LSB: automatic crash report generation.
[[0;32m  OK  [0m] Stopped Virtualbox guest utils.
[[0;32m  OK  [0m] Removed slice User Slice of vagrant.
         Stopping Login Service...
[[0;32m  OK  [0m] Removed slice system-getty.slice.
[[0;32m  OK  [0m] Stopped /etc/rc.local Compatibility.
         Stopping Permit User Sessions...
[[0;32m  OK  [0m] Removed slice system-serial\x2dgetty.slice.
[[0;32m  OK  [0m] Stopped Permit User Sessions.
[[0;32m  OK  [0m] Stopped target Remote File Systems.
[[0;32m  OK  [0m] Stopped target Remote File Systems (Pre).
         Stopping Login to default iSCSI targets...
[[0;32m  OK  [0m] Stopped Login Service.
[[0;32m  OK  [0m] Stopped target User and Group Name Lookups.
[[0;32m  OK  [0m] Stopped Login to default iSCSI targets.
         Stopping iSCSI initiator daemon (iscsid)...
[[0;32m  OK  [0m] Stopped iSCSI initiator daemon (iscsid).
[[0;32m  OK  [0m] Unmounted /run/docker/netns/20257004e02c.
[[0;32m  OK  [0m] Unmounted /var/lib/docker/overlay2/...e27bcb91dbebb8beada7a5ce/merged.
[[0;32m  OK  [0m] Unmounted /run/docker/netns/bcd430315aa3.
[[0;32m  OK  [0m] Unmounted /var/lib/docker/overlay2/...ee611975ac2e6d03232bb86a/merged.
[[0;32m  OK  [0m] Unmounted /run/docker/netns/e68094f21157.
[[0;32m  OK  [0m] Unmounted /var/lib/docker/overlay2/...72c3df91cfca148807269282/merged.
[[0;32m  OK  [0m] Unmounted /run/docker/netns/573a50571ece.
[[0;32m  OK  [0m] Unmounted /var/lib/docker/overlay2/...18ae975afc084f713f1456fa/merged.
[[0;32m  OK  [0m] Unmounted /run/docker/netns/052d148ec4c9.
[[0;32m  OK  [0m] Unmounted /var/lib/docker/overlay2/...51e3dc209f266fcbe31549a9/merged.
[[0;32m  OK  [0m] Unmounted /run/docker/netns/1-mfbznypx5s.
[[0;32m  OK  [0m] Unmounted /run/docker/netns/ingress_sbox.
[[0;32m  OK  [0m] Stopped Docker Application Container Engine.
         Stopping containerd container runtime...
[[0;32m  OK  [0m] Stopped target Network is Online.
[[0;32m  OK  [0m] Stopped containerd container runtime.
[[0;32m  OK  [0m] Stopped target Basic System.
[[0;32m  OK  [0m] Stopped target Paths.
[[0;32m  OK  [0m] Stopped Forward Password Requests to Wall Directory Watch.
[[0;32m  OK  [0m] Stopped ACPI Events Check.
[[0;32m  OK  [0m] Stopped Dispatch Password Requests to Console Directory Watch.
[[0;32m  OK  [0m] Stopped target Slices.
[[0;32m  OK  [0m] Removed slice User and Session Slice.
[[0;32m  OK  [0m] Stopped target Sockets.
[[0;32m  OK  [0m] Closed D-Bus System Message Bus Socket.
[[0;32m  OK  [0m] Closed ACPID Listen Socket.
[[0;32m  OK  [0m] Closed UUID daemon activation socket.
[[0;32m  OK  [0m] Closed Docker Socket for the API.
[[0;32m  OK  [0m] Closed Socket activation for snappy daemon.
[[0;32m  OK  [0m] Closed Syslog Socket.
[[0;32m  OK  [0m] Closed LXD - unix socket.
[[0;32m  OK  [0m] Stopped target Network.
[[0;32m  OK  [0m] Stopped target System Initialization.
         Stopping Update UTMP about System Boot/Shutdown...
[[0;32m  OK  [0m] Stopped Initial cloud-init job (metadata service crawler).
         Stopping Raise network interfaces...
[[0;32m  OK  [0m] Stopped target Swap.
[[0;32m  OK  [0m] Stopped Commit a transient machine-id on disk.
[[0;32m  OK  [0m] Stopped target Encrypted Volumes.
         Stopping Load/Save Random Seed...
[[0;32m  OK  [0m] Stopped Load/Save Random Seed.
[[0;32m  OK  [0m] Stopped Update UTMP about System Boot/Shutdown.
[[0;32m  OK  [0m] Stopped Create Volatile Files and Directories.
[[0;32m  OK  [0m] Stopped Raise network interfaces.
[[0;32m  OK  [0m] Stopped Apply Kernel Variables.
[[0;32m  OK  [0m] Stopped target Network (Pre).
[[0;32m  OK  [0m] Stopped Initial cloud-init job (pre-networking).
[[0;32m  OK  [0m] Stopped target Local File Systems.
         Unmounting /vagrant...
         Unmounting /run/user/1000...
[[0;32m  OK  [0m] Stopped Load Kernel Modules.
[[0;32m  OK  [0m] Unmounted /vagrant.
[[0;32m  OK  [0m] Unmounted /run/user/1000.
[[0;32m  OK  [0m] Reached target Unmount All Filesystems.
[[0;32m  OK  [0m] Stopped target Local File Systems (Pre).
[[0;32m  OK  [0m] Stopped Remount Root and Kernel File Systems.
         Stopping Monitoring of LVM2 mirrors... dmeventd or progress polling...
[[0;32m  OK  [0m] Stopped Create Static Device Nodes in /dev.
[[0;32m  OK  [0m] Reached target Shutdown.
[  616.220855] reboot: Power down
